

NEW RUN

u'sh "./commands/awk.sh" "./bots/Meek.awk" Meek 3600 3600 25 25'
u'sh "./commands/java.sh" "./bots/Impatient.java" Impatient 3600 3600 25 25'
u'sh "./commands/java.sh" "./bots/Relinquisher.java" Relinquisher 3600 3600 25 25'
u'sh "./commands/java.sh" "./bots/Gentleman.java" Gentleman 3600 3600 25 25'
u'sh "./commands/java.sh" "./bots/CakeEater.java" CakeEater 3600 3600 25 25'
u'sh "./commands/python 2.sh" "./bots/FairShare.py" FairShare 3600 3600 25 25'
u'sh "./commands/java.sh" "./bots/Magician.java" Magician 3600 3600 25 25'
u'sh "./commands/ruby.sh" "./bots/Halver.rb" Halver 3600 3600 25 25'
u'sh "./commands/java.sh" "./bots/FairPlusPlus.java" FairPlusPlus 3600 3600 25 25'
u'sh "./commands/java.sh" "./bots/BobBarker.java" BobBarker 3600 3600 25 25'
u'sh "./commands/python.sh" "./bots/FloorBot.py" FloorBot 3600 3600 25 25'
u'sh "./commands/bash.sh" "./bots/Reallythecake.sh" Reallythecake 3600 3600 25 25'
u'sh "./commands/java.sh" "./bots/Moses.java" Moses 3600 3600 25 25'
u'sh "./commands/ruby.sh" "./bots/StatelyImitator.rb" StatelyImitator 3600 3600 25 25'
u'sh "./commands/node.js.sh" "./bots/EatThe\u03c0.js" EatThe\u03c0 3600 3600 25 25'
An Error occured running the bot: u'sh "./commands/node.js.sh" "./bots/EatThe\u03c0.js" EatThe\u03c0 3600 3600 25 25'
Exception:
TypeError('execv() arg 2 must contain only strings',)u'sh "./commands/ruby.sh" "./bots/Imitator.rb" Imitator 3600 3600 25 25'
u'sh "./commands/java.sh" "./bots/FlamingChainsaw.java" FlamingChainsaw 3600 3600 25 25'
u'sh "./commands/python 2.sh" "./bots/ALittleOffTheTop.py" ALittleOffTheTop 3600 3600 25 25'
u'sh "./commands/python 2.sh" "./bots/Greedy.py" Greedy 3600 3600 25 25'
u'sh "./commands/java.sh" "./bots/Pig.java" Pig 3600 3600 25 25'
u'sh "./commands/python 2.sh" "./bots/CharityBot.py" CharityBot 3600 3600 25 25'
u'sh "./commands/java.sh" "./bots/Dieter.java" Dieter 3600 3600 25 25'
u'sh "./commands/python 2.sh" "./bots/Slim.py" Slim 3600 3600 25 25'
u'sh "./commands/java.sh" "./bots/Hungry.java" Hungry 3600 3600 25 25'
u'sh "./commands/python 2.sh" "./bots/Fatbot5000.py" Fatbot5000 3600 3600 25 25'
Bids: [769, 1029, 3600, 3600, 184, 143, 720, 1800, 156, 3024, 3060, 288, 1800, 1800, 0, 3595, 3600, 143, 3600, 3600, 0, 4, 0, 144, 202] winning bid 0
Degrees left: 3600 Bots left: [u'Meek', u'Impatient', u'Relinquisher', u'Gentleman', u'CakeEater', u'FairShare', u'Magician', u'Halver', u'FairPlusPlus', u'BobBarker', u'FloorBot', u'Reallythecake', u'Moses', u'StatelyImitator', u'Imitator', u'FlamingChainsaw', u'ALittleOffTheTop', u'Greedy', u'Pig', u'CharityBot', u'Dieter', u'Slim', u'Hungry', u'Fatbot5000']
u'sh "./commands/awk.sh" "./bots/Meek.awk" Meek 3600 3600 25 24'
u'sh "./commands/java.sh" "./bots/Impatient.java" Impatient 3600 3600 25 24'
u'sh "./commands/java.sh" "./bots/Relinquisher.java" Relinquisher 3600 3600 25 24'
u'sh "./commands/java.sh" "./bots/Gentleman.java" Gentleman 3600 3600 25 24'
u'sh "./commands/java.sh" "./bots/CakeEater.java" CakeEater 3600 3600 25 24'
u'sh "./commands/python 2.sh" "./bots/FairShare.py" FairShare 3600 3600 25 24'
u'sh "./commands/java.sh" "./bots/Magician.java" Magician 3600 3600 25 24'
u'sh "./commands/ruby.sh" "./bots/Halver.rb" Halver 3600 3600 25 24'
u'sh "./commands/java.sh" "./bots/FairPlusPlus.java" FairPlusPlus 3600 3600 25 24'
u'sh "./commands/java.sh" "./bots/BobBarker.java" BobBarker 3600 3600 25 24'
u'sh "./commands/python.sh" "./bots/FloorBot.py" FloorBot 3600 3600 25 24'
u'sh "./commands/bash.sh" "./bots/Reallythecake.sh" Reallythecake 3600 3600 25 24'
u'sh "./commands/java.sh" "./bots/Moses.java" Moses 3600 3600 25 24'
u'sh "./commands/ruby.sh" "./bots/StatelyImitator.rb" StatelyImitator 3600 3600 25 24'
u'sh "./commands/ruby.sh" "./bots/Imitator.rb" Imitator 3600 3600 25 24'
u'sh "./commands/java.sh" "./bots/FlamingChainsaw.java" FlamingChainsaw 3600 3600 25 24'
u'sh "./commands/python 2.sh" "./bots/ALittleOffTheTop.py" ALittleOffTheTop 3600 3600 25 24'
u'sh "./commands/python 2.sh" "./bots/Greedy.py" Greedy 3600 3600 25 24'
u'sh "./commands/java.sh" "./bots/Pig.java" Pig 3600 3600 25 24'
u'sh "./commands/python 2.sh" "./bots/CharityBot.py" CharityBot 3600 3600 25 24'
u'sh "./commands/java.sh" "./bots/Dieter.java" Dieter 3600 3600 25 24'
u'sh "./commands/python 2.sh" "./bots/Slim.py" Slim 3600 3600 25 24'
u'sh "./commands/java.sh" "./bots/Hungry.java" Hungry 3600 3600 25 24'
u'sh "./commands/python 2.sh" "./bots/Fatbot5000.py" Fatbot5000 3600 3600 25 24'
Bids: [726, 1132, 3498, 3600, 191, 144, 720, 1800, 162, 3024, 3060, 438, 1800, 150, 150, 3600, 149, 3600, 3600, 0, 4, 0, 150, 278] winning bid 0
Degrees left: 3600 Bots left: [u'Meek', u'Impatient', u'Relinquisher', u'Gentleman', u'CakeEater', u'FairShare', u'Magician', u'Halver', u'FairPlusPlus', u'BobBarker', u'FloorBot', u'Reallythecake', u'Moses', u'StatelyImitator', u'Imitator', u'FlamingChainsaw', u'ALittleOffTheTop', u'Greedy', u'Pig', u'CharityBot', u'Dieter', u'Hungry', u'Fatbot5000']
u'sh "./commands/awk.sh" "./bots/Meek.awk" Meek 3600 3600 25 23'
u'sh "./commands/java.sh" "./bots/Impatient.java" Impatient 3600 3600 25 23'
u'sh "./commands/java.sh" "./bots/Relinquisher.java" Relinquisher 3600 3600 25 23'
u'sh "./commands/java.sh" "./bots/Gentleman.java" Gentleman 3600 3600 25 23'
u'sh "./commands/java.sh" "./bots/CakeEater.java" CakeEater 3600 3600 25 23'
u'sh "./commands/python 2.sh" "./bots/FairShare.py" FairShare 3600 3600 25 23'
u'sh "./commands/java.sh" "./bots/Magician.java" Magician 3600 3600 25 23'
u'sh "./commands/ruby.sh" "./bots/Halver.rb" Halver 3600 3600 25 23'
u'sh "./commands/java.sh" "./bots/FairPlusPlus.java" FairPlusPlus 3600 3600 25 23'
u'sh "./commands/java.sh" "./bots/BobBarker.java" BobBarker 3600 3600 25 23'
u'sh "./commands/python.sh" "./bots/FloorBot.py" FloorBot 3600 3600 25 23'
u'sh "./commands/bash.sh" "./bots/Reallythecake.sh" Reallythecake 3600 3600 25 23'
u'sh "./commands/java.sh" "./bots/Moses.java" Moses 3600 3600 25 23'
u'sh "./commands/ruby.sh" "./bots/StatelyImitator.rb" StatelyImitator 3600 3600 25 23'
u'sh "./commands/ruby.sh" "./bots/Imitator.rb" Imitator 3600 3600 25 23'
u'sh "./commands/java.sh" "./bots/FlamingChainsaw.java" FlamingChainsaw 3600 3600 25 23'
u'sh "./commands/python 2.sh" "./bots/ALittleOffTheTop.py" ALittleOffTheTop 3600 3600 25 23'
u'sh "./commands/python 2.sh" "./bots/Greedy.py" Greedy 3600 3600 25 23'
u'sh "./commands/java.sh" "./bots/Pig.java" Pig 3600 3600 25 23'
u'sh "./commands/python 2.sh" "./bots/CharityBot.py" CharityBot 3600 3600 25 23'
u'sh "./commands/java.sh" "./bots/Dieter.java" Dieter 3600 3600 25 23'
u'sh "./commands/java.sh" "./bots/Hungry.java" Hungry 3600 3600 25 23'
u'sh "./commands/python 2.sh" "./bots/Fatbot5000.py" Fatbot5000 3600 3600 25 23'
Bids: [685, 1235, 3395, 3600, 193, 144, 720, 1800, 168, 3024, 3060, 1632, 1800, 157, 157, 3600, 156, 3600, 3600, 0, 4, 157, 197] winning bid 0
Degrees left: 3600 Bots left: [u'Meek', u'Impatient', u'Relinquisher', u'Gentleman', u'CakeEater', u'FairShare', u'Magician', u'Halver', u'FairPlusPlus', u'BobBarker', u'FloorBot', u'Reallythecake', u'Moses', u'StatelyImitator', u'Imitator', u'FlamingChainsaw', u'ALittleOffTheTop', u'Greedy', u'Pig', u'Dieter', u'Hungry', u'Fatbot5000']
u'sh "./commands/awk.sh" "./bots/Meek.awk" Meek 3600 3600 25 22'
u'sh "./commands/java.sh" "./bots/Impatient.java" Impatient 3600 3600 25 22'
u'sh "./commands/java.sh" "./bots/Relinquisher.java" Relinquisher 3600 3600 25 22'
u'sh "./commands/java.sh" "./bots/Gentleman.java" Gentleman 3600 3600 25 22'
u'sh "./commands/java.sh" "./bots/CakeEater.java" CakeEater 3600 3600 25 22'
u'sh "./commands/python 2.sh" "./bots/FairShare.py" FairShare 3600 3600 25 22'
u'sh "./commands/java.sh" "./bots/Magician.java" Magician 3600 3600 25 22'
u'sh "./commands/ruby.sh" "./bots/Halver.rb" Halver 3600 3600 25 22'
u'sh "./commands/java.sh" "./bots/FairPlusPlus.java" FairPlusPlus 3600 3600 25 22'
u'sh "./commands/java.sh" "./bots/BobBarker.java" BobBarker 3600 3600 25 22'
u'sh "./commands/python.sh" "./bots/FloorBot.py" FloorBot 3600 3600 25 22'
u'sh "./commands/bash.sh" "./bots/Reallythecake.sh" Reallythecake 3600 3600 25 22'
u'sh "./commands/java.sh" "./bots/Moses.java" Moses 3600 3600 25 22'
u'sh "./commands/ruby.sh" "./bots/StatelyImitator.rb" StatelyImitator 3600 3600 25 22'
u'sh "./commands/ruby.sh" "./bots/Imitator.rb" Imitator 3600 3600 25 22'
u'sh "./commands/java.sh" "./bots/FlamingChainsaw.java" FlamingChainsaw 3600 3600 25 22'
u'sh "./commands/python 2.sh" "./bots/ALittleOffTheTop.py" ALittleOffTheTop 3600 3600 25 22'
u'sh "./commands/python 2.sh" "./bots/Greedy.py" Greedy 3600 3600 25 22'
u'sh "./commands/java.sh" "./bots/Pig.java" Pig 3600 3600 25 22'
u'sh "./commands/java.sh" "./bots/Dieter.java" Dieter 3600 3600 25 22'
u'sh "./commands/java.sh" "./bots/Hungry.java" Hungry 3600 3600 25 22'
u'sh "./commands/python 2.sh" "./bots/Fatbot5000.py" Fatbot5000 3600 3600 25 22'
Bids: [647, 1338, 3292, 3600, 219, 144, 720, 1800, 175, 3024, 3060, 487, 1800, 164, 164, 3600, 163, 3600, 3600, 4, 164, 291] winning bid 4
Degrees left: 3596 Bots left: [u'Meek', u'Impatient', u'Relinquisher', u'Gentleman', u'CakeEater', u'FairShare', u'Magician', u'Halver', u'FairPlusPlus', u'BobBarker', u'FloorBot', u'Reallythecake', u'Moses', u'StatelyImitator', u'Imitator', u'FlamingChainsaw', u'ALittleOffTheTop', u'Greedy', u'Pig', u'Hungry', u'Fatbot5000']
u'sh "./commands/awk.sh" "./bots/Meek.awk" Meek 3600 3596 25 21'
u'sh "./commands/java.sh" "./bots/Impatient.java" Impatient 3600 3596 25 21'
u'sh "./commands/java.sh" "./bots/Relinquisher.java" Relinquisher 3600 3596 25 21'
u'sh "./commands/java.sh" "./bots/Gentleman.java" Gentleman 3600 3596 25 21'
u'sh "./commands/java.sh" "./bots/CakeEater.java" CakeEater 3600 3596 25 21'
u'sh "./commands/python 2.sh" "./bots/FairShare.py" FairShare 3600 3596 25 21'
u'sh "./commands/java.sh" "./bots/Magician.java" Magician 3600 3596 25 21'
u'sh "./commands/ruby.sh" "./bots/Halver.rb" Halver 3600 3596 25 21'
u'sh "./commands/java.sh" "./bots/FairPlusPlus.java" FairPlusPlus 3600 3596 25 21'
u'sh "./commands/java.sh" "./bots/BobBarker.java" BobBarker 3600 3596 25 21'
u'sh "./commands/python.sh" "./bots/FloorBot.py" FloorBot 3600 3596 25 21'
u'sh "./commands/bash.sh" "./bots/Reallythecake.sh" Reallythecake 3600 3596 25 21'
u'sh "./commands/java.sh" "./bots/Moses.java" Moses 3600 3596 25 21'
u'sh "./commands/ruby.sh" "./bots/StatelyImitator.rb" StatelyImitator 3600 3596 25 21'
u'sh "./commands/ruby.sh" "./bots/Imitator.rb" Imitator 3600 3596 25 21'
u'sh "./commands/java.sh" "./bots/FlamingChainsaw.java" FlamingChainsaw 3600 3596 25 21'
u'sh "./commands/python 2.sh" "./bots/ALittleOffTheTop.py" ALittleOffTheTop 3600 3596 25 21'
u'sh "./commands/python 2.sh" "./bots/Greedy.py" Greedy 3600 3596 25 21'
u'sh "./commands/java.sh" "./bots/Pig.java" Pig 3600 3596 25 21'
u'sh "./commands/java.sh" "./bots/Hungry.java" Hungry 3600 3596 25 21'
u'sh "./commands/python 2.sh" "./bots/Fatbot5000.py" Fatbot5000 3600 3596 25 21'
Bids: [612, 1439, 3186, 3596, 220, 144, 720, 1798, 182, 3020, 3060, 890, 1798, 172, 172, 3596, 171, 3596, 3596, 172, 275] winning bid 144
Degrees left: 3452 Bots left: [u'Meek', u'Impatient', u'Relinquisher', u'Gentleman', u'CakeEater', u'Magician', u'Halver', u'FairPlusPlus', u'BobBarker', u'FloorBot', u'Reallythecake', u'Moses', u'StatelyImitator', u'Imitator', u'FlamingChainsaw', u'ALittleOffTheTop', u'Greedy', u'Pig', u'Hungry', u'Fatbot5000']
u'sh "./commands/awk.sh" "./bots/Meek.awk" Meek 3600 3452 25 20'
u'sh "./commands/java.sh" "./bots/Impatient.java" Impatient 3600 3452 25 20'
u'sh "./commands/java.sh" "./bots/Relinquisher.java" Relinquisher 3600 3452 25 20'
u'sh "./commands/java.sh" "./bots/Gentleman.java" Gentleman 3600 3452 25 20'
u'sh "./commands/java.sh" "./bots/CakeEater.java" CakeEater 3600 3452 25 20'
u'sh "./commands/java.sh" "./bots/Magician.java" Magician 3600 3452 25 20'
u'sh "./commands/ruby.sh" "./bots/Halver.rb" Halver 3600 3452 25 20'
u'sh "./commands/java.sh" "./bots/FairPlusPlus.java" FairPlusPlus 3600 3452 25 20'
u'sh "./commands/java.sh" "./bots/BobBarker.java" BobBarker 3600 3452 25 20'
u'sh "./commands/python.sh" "./bots/FloorBot.py" FloorBot 3600 3452 25 20'
u'sh "./commands/bash.sh" "./bots/Reallythecake.sh" Reallythecake 3600 3452 25 20'
u'sh "./commands/java.sh" "./bots/Moses.java" Moses 3600 3452 25 20'
u'sh "./commands/ruby.sh" "./bots/StatelyImitator.rb" StatelyImitator 3600 3452 25 20'
u'sh "./commands/ruby.sh" "./bots/Imitator.rb" Imitator 3600 3452 25 20'
u'sh "./commands/java.sh" "./bots/FlamingChainsaw.java" FlamingChainsaw 3600 3452 25 20'
u'sh "./commands/python 2.sh" "./bots/ALittleOffTheTop.py" ALittleOffTheTop 3600 3452 25 20'
u'sh "./commands/python 2.sh" "./bots/Greedy.py" Greedy 3600 3452 25 20'
u'sh "./commands/java.sh" "./bots/Pig.java" Pig 3600 3452 25 20'
u'sh "./commands/java.sh" "./bots/Hungry.java" Hungry 3600 3452 25 20'
u'sh "./commands/python 2.sh" "./bots/Fatbot5000.py" Fatbot5000 3600 3452 25 20'
Bids: [572, 1480, 2959, 3452, 225, 720, 1726, 183, 2899, 3060, 1380, 1726, 173, 173, 3452, 172, 3452, 3452, 173, 333] winning bid 172
Degrees left: 3280 Bots left: [u'Meek', u'Impatient', u'Relinquisher', u'Gentleman', u'CakeEater', u'Magician', u'Halver', u'FairPlusPlus', u'BobBarker', u'FloorBot', u'Reallythecake', u'Moses', u'StatelyImitator', u'Imitator', u'FlamingChainsaw', u'Greedy', u'Pig', u'Hungry', u'Fatbot5000']
u'sh "./commands/awk.sh" "./bots/Meek.awk" Meek 3600 3280 25 19'
u'sh "./commands/java.sh" "./bots/Impatient.java" Impatient 3600 3280 25 19'
u'sh "./commands/java.sh" "./bots/Relinquisher.java" Relinquisher 3600 3280 25 19'
u'sh "./commands/java.sh" "./bots/Gentleman.java" Gentleman 3600 3280 25 19'
u'sh "./commands/java.sh" "./bots/CakeEater.java" CakeEater 3600 3280 25 19'
u'sh "./commands/java.sh" "./bots/Magician.java" Magician 3600 3280 25 19'
u'sh "./commands/ruby.sh" "./bots/Halver.rb" Halver 3600 3280 25 19'
u'sh "./commands/java.sh" "./bots/FairPlusPlus.java" FairPlusPlus 3600 3280 25 19'
u'sh "./commands/java.sh" "./bots/BobBarker.java" BobBarker 3600 3280 25 19'
u'sh "./commands/python.sh" "./bots/FloorBot.py" FloorBot 3600 3280 25 19'
u'sh "./commands/bash.sh" "./bots/Reallythecake.sh" Reallythecake 3600 3280 25 19'
u'sh "./commands/java.sh" "./bots/Moses.java" Moses 3600 3280 25 19'
u'sh "./commands/ruby.sh" "./bots/StatelyImitator.rb" StatelyImitator 3600 3280 25 19'
u'sh "./commands/ruby.sh" "./bots/Imitator.rb" Imitator 3600 3280 25 19'
u'sh "./commands/java.sh" "./bots/FlamingChainsaw.java" FlamingChainsaw 3600 3280 25 19'
u'sh "./commands/python 2.sh" "./bots/Greedy.py" Greedy 3600 3280 25 19'
u'sh "./commands/java.sh" "./bots/Pig.java" Pig 3600 3280 25 19'
u'sh "./commands/java.sh" "./bots/Hungry.java" Hungry 3600 3280 25 19'
u'sh "./commands/python 2.sh" "./bots/Fatbot5000.py" Fatbot5000 3600 3280 25 19'
Bids: [533, 1500, 2718, 3280, 219, 720, 1640, 182, 2755, 3060, 1484, 1640, 173, 173, 3280, 3280, 3280, 173, 306] winning bid 173
Degrees left: 3107 Bots left: [u'Meek', u'Impatient', u'Relinquisher', u'Gentleman', u'CakeEater', u'Magician', u'Halver', u'FairPlusPlus', u'BobBarker', u'FloorBot', u'Reallythecake', u'Moses', u'StatelyImitator', u'FlamingChainsaw', u'Greedy', u'Pig', u'Hungry', u'Fatbot5000']
u'sh "./commands/awk.sh" "./bots/Meek.awk" Meek 3600 3107 25 18'
u'sh "./commands/java.sh" "./bots/Impatient.java" Impatient 3600 3107 25 18'
u'sh "./commands/java.sh" "./bots/Relinquisher.java" Relinquisher 3600 3107 25 18'
u'sh "./commands/java.sh" "./bots/Gentleman.java" Gentleman 3600 3107 25 18'
u'sh "./commands/java.sh" "./bots/CakeEater.java" CakeEater 3600 3107 25 18'
u'sh "./commands/java.sh" "./bots/Magician.java" Magician 3600 3107 25 18'
u'sh "./commands/ruby.sh" "./bots/Halver.rb" Halver 3600 3107 25 18'
u'sh "./commands/java.sh" "./bots/FairPlusPlus.java" FairPlusPlus 3600 3107 25 18'
u'sh "./commands/java.sh" "./bots/BobBarker.java" BobBarker 3600 3107 25 18'
u'sh "./commands/python.sh" "./bots/FloorBot.py" FloorBot 3600 3107 25 18'
u'sh "./commands/bash.sh" "./bots/Reallythecake.sh" Reallythecake 3600 3107 25 18'
u'sh "./commands/java.sh" "./bots/Moses.java" Moses 3600 3107 25 18'
u'sh "./commands/ruby.sh" "./bots/StatelyImitator.rb" StatelyImitator 3600 3107 25 18'
u'sh "./commands/java.sh" "./bots/FlamingChainsaw.java" FlamingChainsaw 3600 3107 25 18'
u'sh "./commands/python 2.sh" "./bots/Greedy.py" Greedy 3600 3107 25 18'
u'sh "./commands/java.sh" "./bots/Pig.java" Pig 3600 3107 25 18'
u'sh "./commands/java.sh" "./bots/Hungry.java" Hungry 3600 3107 25 18'
u'sh "./commands/python 2.sh" "./bots/Fatbot5000.py" Fatbot5000 3600 3107 25 18'
Bids: [496, 1510, 2486, 3107, 212, 720, 1553, 182, 2609, 3060, 669, 1554, 174, 3107, 3107, 3107, 173, 178] winning bid 173
Degrees left: 2934 Bots left: [u'Meek', u'Impatient', u'Relinquisher', u'Gentleman', u'CakeEater', u'Magician', u'Halver', u'FairPlusPlus', u'BobBarker', u'FloorBot', u'Reallythecake', u'Moses', u'StatelyImitator', u'FlamingChainsaw', u'Greedy', u'Pig', u'Fatbot5000']
u'sh "./commands/awk.sh" "./bots/Meek.awk" Meek 3600 2934 25 17'
u'sh "./commands/java.sh" "./bots/Impatient.java" Impatient 3600 2934 25 17'
u'sh "./commands/java.sh" "./bots/Relinquisher.java" Relinquisher 3600 2934 25 17'
u'sh "./commands/java.sh" "./bots/Gentleman.java" Gentleman 3600 2934 25 17'
u'sh "./commands/java.sh" "./bots/CakeEater.java" CakeEater 3600 2934 25 17'
u'sh "./commands/java.sh" "./bots/Magician.java" Magician 3600 2934 25 17'
u'sh "./commands/ruby.sh" "./bots/Halver.rb" Halver 3600 2934 25 17'
u'sh "./commands/java.sh" "./bots/FairPlusPlus.java" FairPlusPlus 3600 2934 25 17'
u'sh "./commands/java.sh" "./bots/BobBarker.java" BobBarker 3600 2934 25 17'
u'sh "./commands/python.sh" "./bots/FloorBot.py" FloorBot 3600 2934 25 17'
u'sh "./commands/bash.sh" "./bots/Reallythecake.sh" Reallythecake 3600 2934 25 17'
u'sh "./commands/java.sh" "./bots/Moses.java" Moses 3600 2934 25 17'
u'sh "./commands/ruby.sh" "./bots/StatelyImitator.rb" StatelyImitator 3600 2934 25 17'
u'sh "./commands/java.sh" "./bots/FlamingChainsaw.java" FlamingChainsaw 3600 2934 25 17'
u'sh "./commands/python 2.sh" "./bots/Greedy.py" Greedy 3600 2934 25 17'
u'sh "./commands/java.sh" "./bots/Pig.java" Pig 3600 2934 25 17'
u'sh "./commands/python 2.sh" "./bots/Fatbot5000.py" Fatbot5000 3600 2934 25 17'
Bids: [461, 1509, 2264, 2934, 212, 720, 1467, 181, 2464, 2934, 377, 1467, 174, 2934, 2934, 2934, 186] winning bid 174
Degrees left: 2760 Bots left: [u'Meek', u'Impatient', u'Relinquisher', u'Gentleman', u'CakeEater', u'Magician', u'Halver', u'FairPlusPlus', u'BobBarker', u'FloorBot', u'Reallythecake', u'Moses', u'FlamingChainsaw', u'Greedy', u'Pig', u'Fatbot5000']
u'sh "./commands/awk.sh" "./bots/Meek.awk" Meek 3600 2760 25 16'
u'sh "./commands/java.sh" "./bots/Impatient.java" Impatient 3600 2760 25 16'
u'sh "./commands/java.sh" "./bots/Relinquisher.java" Relinquisher 3600 2760 25 16'
u'sh "./commands/java.sh" "./bots/Gentleman.java" Gentleman 3600 2760 25 16'
u'sh "./commands/java.sh" "./bots/CakeEater.java" CakeEater 3600 2760 25 16'
u'sh "./commands/java.sh" "./bots/Magician.java" Magician 3600 2760 25 16'
u'sh "./commands/ruby.sh" "./bots/Halver.rb" Halver 3600 2760 25 16'
u'sh "./commands/java.sh" "./bots/FairPlusPlus.java" FairPlusPlus 3600 2760 25 16'
u'sh "./commands/java.sh" "./bots/BobBarker.java" BobBarker 3600 2760 25 16'
u'sh "./commands/python.sh" "./bots/FloorBot.py" FloorBot 3600 2760 25 16'
u'sh "./commands/bash.sh" "./bots/Reallythecake.sh" Reallythecake 3600 2760 25 16'
u'sh "./commands/java.sh" "./bots/Moses.java" Moses 3600 2760 25 16'
u'sh "./commands/java.sh" "./bots/FlamingChainsaw.java" FlamingChainsaw 3600 2760 25 16'
u'sh "./commands/python 2.sh" "./bots/Greedy.py" Greedy 3600 2760 25 16'
u'sh "./commands/java.sh" "./bots/Pig.java" Pig 3600 2760 25 16'
u'sh "./commands/python 2.sh" "./bots/Fatbot5000.py" Fatbot5000 3600 2760 25 16'
Bids: [428, 1499, 2051, 175, 232, 720, 1380, 180, 2318, 2760, 420, 1380, 2760, 2760, 2760, 264] winning bid 175
Degrees left: 2585 Bots left: [u'Meek', u'Impatient', u'Relinquisher', u'CakeEater', u'Magician', u'Halver', u'FairPlusPlus', u'BobBarker', u'FloorBot', u'Reallythecake', u'Moses', u'FlamingChainsaw', u'Greedy', u'Pig', u'Fatbot5000']
u'sh "./commands/awk.sh" "./bots/Meek.awk" Meek 3600 2585 25 15'
u'sh "./commands/java.sh" "./bots/Impatient.java" Impatient 3600 2585 25 15'
u'sh "./commands/java.sh" "./bots/Relinquisher.java" Relinquisher 3600 2585 25 15'
u'sh "./commands/java.sh" "./bots/CakeEater.java" CakeEater 3600 2585 25 15'
u'sh "./commands/java.sh" "./bots/Magician.java" Magician 3600 2585 25 15'
u'sh "./commands/ruby.sh" "./bots/Halver.rb" Halver 3600 2585 25 15'
u'sh "./commands/java.sh" "./bots/FairPlusPlus.java" FairPlusPlus 3600 2585 25 15'
u'sh "./commands/java.sh" "./bots/BobBarker.java" BobBarker 3600 2585 25 15'
u'sh "./commands/python.sh" "./bots/FloorBot.py" FloorBot 3600 2585 25 15'
u'sh "./commands/bash.sh" "./bots/Reallythecake.sh" Reallythecake 3600 2585 25 15'
u'sh "./commands/java.sh" "./bots/Moses.java" Moses 3600 2585 25 15'
u'sh "./commands/java.sh" "./bots/FlamingChainsaw.java" FlamingChainsaw 3600 2585 25 15'
u'sh "./commands/python 2.sh" "./bots/Greedy.py" Greedy 3600 2585 25 15'
u'sh "./commands/java.sh" "./bots/Pig.java" Pig 3600 2585 25 15'
u'sh "./commands/python 2.sh" "./bots/Fatbot5000.py" Fatbot5000 3600 2585 25 15'
Bids: [397, 1478, 1847, 230, 720, 1292, 180, 2171, 2585, 663, 1293, 2585, 2585, 2585, 213] winning bid 180
Degrees left: 2405 Bots left: [u'Meek', u'Impatient', u'Relinquisher', u'CakeEater', u'Magician', u'Halver', u'BobBarker', u'FloorBot', u'Reallythecake', u'Moses', u'FlamingChainsaw', u'Greedy', u'Pig', u'Fatbot5000']
u'sh "./commands/awk.sh" "./bots/Meek.awk" Meek 3600 2405 25 14'
u'sh "./commands/java.sh" "./bots/Impatient.java" Impatient 3600 2405 25 14'
u'sh "./commands/java.sh" "./bots/Relinquisher.java" Relinquisher 3600 2405 25 14'
u'sh "./commands/java.sh" "./bots/CakeEater.java" CakeEater 3600 2405 25 14'
u'sh "./commands/java.sh" "./bots/Magician.java" Magician 3600 2405 25 14'
u'sh "./commands/ruby.sh" "./bots/Halver.rb" Halver 3600 2405 25 14'
u'sh "./commands/java.sh" "./bots/BobBarker.java" BobBarker 3600 2405 25 14'
u'sh "./commands/python.sh" "./bots/FloorBot.py" FloorBot 3600 2405 25 14'
u'sh "./commands/bash.sh" "./bots/Reallythecake.sh" Reallythecake 3600 2405 25 14'
u'sh "./commands/java.sh" "./bots/Moses.java" Moses 3600 2405 25 14'
u'sh "./commands/java.sh" "./bots/FlamingChainsaw.java" FlamingChainsaw 3600 2405 25 14'
u'sh "./commands/python 2.sh" "./bots/Greedy.py" Greedy 3600 2405 25 14'
u'sh "./commands/java.sh" "./bots/Pig.java" Pig 3600 2405 25 14'
u'sh "./commands/python 2.sh" "./bots/Fatbot5000.py" Fatbot5000 3600 2405 25 14'
Bids: [367, 1443, 1650, 227, 720, 1202, 2020, 2405, 363, 1203, 2405, 2405, 2405, 187] winning bid 187
Degrees left: 2218 Bots left: [u'Meek', u'Impatient', u'Relinquisher', u'CakeEater', u'Magician', u'Halver', u'BobBarker', u'FloorBot', u'Reallythecake', u'Moses', u'FlamingChainsaw', u'Greedy', u'Pig']
u'sh "./commands/awk.sh" "./bots/Meek.awk" Meek 3600 2218 25 13'
u'sh "./commands/java.sh" "./bots/Impatient.java" Impatient 3600 2218 25 13'
u'sh "./commands/java.sh" "./bots/Relinquisher.java" Relinquisher 3600 2218 25 13'
u'sh "./commands/java.sh" "./bots/CakeEater.java" CakeEater 3600 2218 25 13'
u'sh "./commands/java.sh" "./bots/Magician.java" Magician 3600 2218 25 13'
u'sh "./commands/ruby.sh" "./bots/Halver.rb" Halver 3600 2218 25 13'
u'sh "./commands/java.sh" "./bots/BobBarker.java" BobBarker 3600 2218 25 13'
u'sh "./commands/python.sh" "./bots/FloorBot.py" FloorBot 3600 2218 25 13'
u'sh "./commands/bash.sh" "./bots/Reallythecake.sh" Reallythecake 3600 2218 25 13'
u'sh "./commands/java.sh" "./bots/Moses.java" Moses 3600 2218 25 13'
u'sh "./commands/java.sh" "./bots/FlamingChainsaw.java" FlamingChainsaw 3600 2218 25 13'
u'sh "./commands/python 2.sh" "./bots/Greedy.py" Greedy 3600 2218 25 13'
u'sh "./commands/java.sh" "./bots/Pig.java" Pig 3600 2218 25 13'
Bids: [339, 1395, 1458, 205, 720, 1109, 1863, 2218, 1256, 1109, 2218, 2218, 2218] winning bid 205
Degrees left: 2013 Bots left: [u'Meek', u'Impatient', u'Relinquisher', u'Magician', u'Halver', u'BobBarker', u'FloorBot', u'Reallythecake', u'Moses', u'FlamingChainsaw', u'Greedy', u'Pig']
u'sh "./commands/awk.sh" "./bots/Meek.awk" Meek 3600 2013 25 12'
u'sh "./commands/java.sh" "./bots/Impatient.java" Impatient 3600 2013 25 12'
u'sh "./commands/java.sh" "./bots/Relinquisher.java" Relinquisher 3600 2013 25 12'
u'sh "./commands/java.sh" "./bots/Magician.java" Magician 3600 2013 25 12'
u'sh "./commands/ruby.sh" "./bots/Halver.rb" Halver 3600 2013 25 12'
u'sh "./commands/java.sh" "./bots/BobBarker.java" BobBarker 3600 2013 25 12'
u'sh "./commands/python.sh" "./bots/FloorBot.py" FloorBot 3600 2013 25 12'
u'sh "./commands/bash.sh" "./bots/Reallythecake.sh" Reallythecake 3600 2013 25 12'
u'sh "./commands/java.sh" "./bots/Moses.java" Moses 3600 2013 25 12'
u'sh "./commands/java.sh" "./bots/FlamingChainsaw.java" FlamingChainsaw 3600 2013 25 12'
u'sh "./commands/python 2.sh" "./bots/Greedy.py" Greedy 3600 2013 25 12'
u'sh "./commands/java.sh" "./bots/Pig.java" Pig 3600 2013 25 12'
Bids: [311, 1323, 1266, 720, 1006, 1690, 2013, 569, 1007, 2013, 2013, 2013] winning bid 311
Degrees left: 1702 Bots left: [u'Impatient', u'Relinquisher', u'Magician', u'Halver', u'BobBarker', u'FloorBot', u'Reallythecake', u'Moses', u'FlamingChainsaw', u'Greedy', u'Pig']
u'sh "./commands/java.sh" "./bots/Impatient.java" Impatient 3600 1702 25 11'
u'sh "./commands/java.sh" "./bots/Relinquisher.java" Relinquisher 3600 1702 25 11'
u'sh "./commands/java.sh" "./bots/Magician.java" Magician 3600 1702 25 11'
u'sh "./commands/ruby.sh" "./bots/Halver.rb" Halver 3600 1702 25 11'
u'sh "./commands/java.sh" "./bots/BobBarker.java" BobBarker 3600 1702 25 11'
u'sh "./commands/python.sh" "./bots/FloorBot.py" FloorBot 3600 1702 25 11'
u'sh "./commands/bash.sh" "./bots/Reallythecake.sh" Reallythecake 3600 1702 25 11'
u'sh "./commands/java.sh" "./bots/Moses.java" Moses 3600 1702 25 11'
u'sh "./commands/java.sh" "./bots/FlamingChainsaw.java" FlamingChainsaw 3600 1702 25 11'
u'sh "./commands/python 2.sh" "./bots/Greedy.py" Greedy 3600 1702 25 11'
u'sh "./commands/java.sh" "./bots/Pig.java" Pig 3600 1702 25 11'
Bids: [1168, 1022, 720, 851, 1429, 1702, 494, 851, 1702, 1702, 1702] winning bid 494
Degrees left: 1208 Bots left: [u'Impatient', u'Relinquisher', u'Magician', u'Halver', u'BobBarker', u'FloorBot', u'Moses', u'FlamingChainsaw', u'Greedy', u'Pig']
u'sh "./commands/java.sh" "./bots/Impatient.java" Impatient 3600 1208 25 10'
u'sh "./commands/java.sh" "./bots/Relinquisher.java" Relinquisher 3600 1208 25 10'
u'sh "./commands/java.sh" "./bots/Magician.java" Magician 3600 1208 25 10'
u'sh "./commands/ruby.sh" "./bots/Halver.rb" Halver 3600 1208 25 10'
u'sh "./commands/java.sh" "./bots/BobBarker.java" BobBarker 3600 1208 25 10'
u'sh "./commands/python.sh" "./bots/FloorBot.py" FloorBot 3600 1208 25 10'
u'sh "./commands/java.sh" "./bots/Moses.java" Moses 3600 1208 25 10'
u'sh "./commands/java.sh" "./bots/FlamingChainsaw.java" FlamingChainsaw 3600 1208 25 10'
u'sh "./commands/python 2.sh" "./bots/Greedy.py" Greedy 3600 1208 25 10'
u'sh "./commands/java.sh" "./bots/Pig.java" Pig 3600 1208 25 10'
Bids: [863, 691, 720, 604, 1014, 1208, 604, 1208, 1208, 1208] winning bid 604
Degrees left: 604 Bots left: [u'Impatient', u'Relinquisher', u'Magician', u'BobBarker', u'FloorBot', u'Moses', u'FlamingChainsaw', u'Greedy', u'Pig']
u'sh "./commands/java.sh" "./bots/Impatient.java" Impatient 3600 604 25 9'
u'sh "./commands/java.sh" "./bots/Relinquisher.java" Relinquisher 3600 604 25 9'
u'sh "./commands/java.sh" "./bots/Magician.java" Magician 3600 604 25 9'
u'sh "./commands/java.sh" "./bots/BobBarker.java" BobBarker 3600 604 25 9'
u'sh "./commands/python.sh" "./bots/FloorBot.py" FloorBot 3600 604 25 9'
u'sh "./commands/java.sh" "./bots/Moses.java" Moses 3600 604 25 9'
u'sh "./commands/java.sh" "./bots/FlamingChainsaw.java" FlamingChainsaw 3600 604 25 9'
u'sh "./commands/python 2.sh" "./bots/Greedy.py" Greedy 3600 604 25 9'
u'sh "./commands/java.sh" "./bots/Pig.java" Pig 3600 604 25 9'
Bids: [449, 328, 604, 507, 604, 302, 604, 604, 604] winning bid 302
Degrees left: 302 Bots left: [u'Impatient', u'Relinquisher', u'Magician', u'BobBarker', u'FloorBot', u'FlamingChainsaw', u'Greedy', u'Pig']
u'sh "./commands/java.sh" "./bots/Impatient.java" Impatient 3600 302 25 8'
u'sh "./commands/java.sh" "./bots/Relinquisher.java" Relinquisher 3600 302 25 8'
u'sh "./commands/java.sh" "./bots/Magician.java" Magician 3600 302 25 8'
u'sh "./commands/java.sh" "./bots/BobBarker.java" BobBarker 3600 302 25 8'
u'sh "./commands/python.sh" "./bots/FloorBot.py" FloorBot 3600 302 25 8'
u'sh "./commands/java.sh" "./bots/FlamingChainsaw.java" FlamingChainsaw 3600 302 25 8'
u'sh "./commands/python 2.sh" "./bots/Greedy.py" Greedy 3600 302 25 8'
u'sh "./commands/java.sh" "./bots/Pig.java" Pig 3600 302 25 8'
Bids: [233, 156, 302, 253, 302, 302, 302, 302] winning bid 156
Degrees left: 146 Bots left: [u'Impatient', u'Magician', u'BobBarker', u'FloorBot', u'FlamingChainsaw', u'Greedy', u'Pig']
u'sh "./commands/java.sh" "./bots/Impatient.java" Impatient 3600 146 25 7'
u'sh "./commands/java.sh" "./bots/Magician.java" Magician 3600 146 25 7'
u'sh "./commands/java.sh" "./bots/BobBarker.java" BobBarker 3600 146 25 7'
u'sh "./commands/python.sh" "./bots/FloorBot.py" FloorBot 3600 146 25 7'
u'sh "./commands/java.sh" "./bots/FlamingChainsaw.java" FlamingChainsaw 3600 146 25 7'
u'sh "./commands/python 2.sh" "./bots/Greedy.py" Greedy 3600 146 25 7'
u'sh "./commands/java.sh" "./bots/Pig.java" Pig 3600 146 25 7'
Bids: [117, 146, 122, 146, 146, 146, 146] winning bid 117
Degrees left: 29 Bots left: [u'Magician', u'BobBarker', u'FloorBot', u'FlamingChainsaw', u'Greedy', u'Pig']
u'sh "./commands/java.sh" "./bots/Magician.java" Magician 3600 29 25 6'
u'sh "./commands/java.sh" "./bots/BobBarker.java" BobBarker 3600 29 25 6'
u'sh "./commands/python.sh" "./bots/FloorBot.py" FloorBot 3600 29 25 6'
u'sh "./commands/java.sh" "./bots/FlamingChainsaw.java" FlamingChainsaw 3600 29 25 6'
u'sh "./commands/python 2.sh" "./bots/Greedy.py" Greedy 3600 29 25 6'
u'sh "./commands/java.sh" "./bots/Pig.java" Pig 3600 29 25 6'
Bids: [29, 24, 29, 29, 29, 29] winning bid 24
Degrees left: 5 Bots left: [u'Magician', u'FloorBot', u'FlamingChainsaw', u'Greedy', u'Pig']
u'sh "./commands/java.sh" "./bots/Magician.java" Magician 3600 5 25 5'
u'sh "./commands/python.sh" "./bots/FloorBot.py" FloorBot 3600 5 25 5'
u'sh "./commands/java.sh" "./bots/FlamingChainsaw.java" FlamingChainsaw 3600 5 25 5'
u'sh "./commands/python 2.sh" "./bots/Greedy.py" Greedy 3600 5 25 5'
u'sh "./commands/java.sh" "./bots/Pig.java" Pig 3600 5 25 5'
Bids: [5, 5, 5, 5, 5] winning bid 5
Degrees left: 0 Bots left: [u'Magician', u'FloorBot', u'Greedy', u'Pig']
